INFO : Lang: en - Django_Logger.make_book - 06:18:11:03s PM
INFO : Lang: en - Django_Logger.make_book - 06:18:11:03s PM
INFO : Lang: en - Django_Logger.make_book - 06:18:12:03s PM
INFO : Lang: en - Django_Logger.make_book - 06:18:12:03s PM
INFO : Book: A.D. After Disclosure: The People's Guide to Life After Contact	Written By: Dolan
ISBN: 0967799538
 - Django_Logger.make_book - 06:20:07:03s PM
INFO : Book: A.D. After Disclosure: The People's Guide to Life After Contact	Written By: Zabel
ISBN: 0967799538
 - Django_Logger.make_book - 06:20:07:03s PM
INFO : Book: An Account Of The Structure Of Chinese Characters Under 300 Primary Forms: After The Shwoh-wan, 100, A.d. And The Phonetic Shwoh-wan, 1833 (1882)	Written By: Chalmers
ISBN: 1165309572
 - Django_Logger.make_book - 06:20:07:03s PM
INFO : Book: Neck Deep and Other Predicaments: Essays	Written By: Monson
ISBN: 1555974597
 - Django_Logger.make_book - 06:20:08:03s PM
INFO : Book: Twenty Poems That Could Save America and Other Essays	Written By: Hoagland
ISBN: 1555976948
 - Django_Logger.make_book - 06:20:08:03s PM
INFO : Book: Atlas of Human Anatomy: Including Student Consult Interactive Ancillaries and Guides (Netter Basic Science)	Written By: z
ISBN: 1455704180
 - Django_Logger.make_book - 06:20:09:03s PM
INFO : Book: A Brief Atlas Of The Human Body	Written By: z
ISBN: 032166261x
 - Django_Logger.make_book - 06:20:09:03s PM
INFO : Book: A Brief Atlas Of The Human Body	Written By: z
ISBN: 032166261x
 - Django_Logger.make_book - 06:20:09:03s PM
INFO : Book: A Brief Atlas Of The Human Body	Written By: z
ISBN: 032166261x
 - Django_Logger.make_book - 06:20:09:03s PM
INFO : Book: A Brief Atlas Of The Human Body	Written By: z
ISBN: 032166261x
 - Django_Logger.make_book - 06:20:09:03s PM
INFO : Book: A Brief Atlas Of The Human Body	Written By: z
ISBN: 032166261x
 - Django_Logger.make_book - 06:20:09:03s PM
INFO : Book: A Brief Atlas Of The Human Body	Written By: Nicpon
ISBN: 032166261x
 - Django_Logger.make_book - 06:20:09:03s PM
INFO : Book: A.D. After Disclosure: The People's Guide to Life After Contact	Written By: Dolan
ISBN: 0967799538
 - Django_Logger.make_book - 06:23:13:03s PM
INFO : Book: A.D. After Disclosure: The People's Guide to Life After Contact	Written By: Zabel
ISBN: 0967799538
 - Django_Logger.make_book - 06:23:13:03s PM
INFO : Book: An Account Of The Structure Of Chinese Characters Under 300 Primary Forms: After The Shwoh-wan, 100, A.d. And The Phonetic Shwoh-wan, 1833 (1882)	Written By: Chalmers
ISBN: 1165309572
 - Django_Logger.make_book - 06:23:13:03s PM
INFO : Book: Neck Deep and Other Predicaments: Essays	Written By: Monson
ISBN: 1555974597
 - Django_Logger.make_book - 06:23:13:03s PM
INFO : Book: Twenty Poems That Could Save America and Other Essays	Written By: Hoagland
ISBN: 1555976948
 - Django_Logger.make_book - 06:23:13:03s PM
INFO : Book: Atlas of Human Anatomy: Including Student Consult Interactive Ancillaries and Guides (Netter Basic Science)	Written By: z
ISBN: 1455704180
 - Django_Logger.make_book - 06:23:14:03s PM
INFO : Book: A Brief Atlas Of The Human Body	Written By: z
ISBN: 032166261x
 - Django_Logger.make_book - 06:23:14:03s PM
INFO : Book: A Brief Atlas Of The Human Body	Written By: z
ISBN: 032166261x
 - Django_Logger.make_book - 06:23:14:03s PM
INFO : Book: A Brief Atlas Of The Human Body	Written By: z
ISBN: 032166261x
 - Django_Logger.make_book - 06:23:14:03s PM
INFO : Book: A Brief Atlas Of The Human Body	Written By: z
ISBN: 032166261x
 - Django_Logger.make_book - 06:23:14:03s PM
INFO : Book: A Brief Atlas Of The Human Body	Written By: z
ISBN: 032166261x
 - Django_Logger.make_book - 06:23:14:03s PM
INFO : Book: A Brief Atlas Of The Human Body	Written By: Nicpon
ISBN: 032166261x
 - Django_Logger.make_book - 06:23:14:03s PM
INFO : Book: A.D. After Disclosure: The People's Guide to Life After Contact	Written By: Dolan - Django_Logger.make_book - 06:23:27:03s PM
INFO : Book: A.D. After Disclosure: The People's Guide to Life After Contact	Written By: Zabel - Django_Logger.make_book - 06:23:27:03s PM
INFO : Book: An Account Of The Structure Of Chinese Characters Under 300 Primary Forms: After The Shwoh-wan, 100, A.d. And The Phonetic Shwoh-wan, 1833 (1882)	Written By: Chalmers - Django_Logger.make_book - 06:23:27:03s PM
INFO : Book: Neck Deep and Other Predicaments: Essays	Written By: Monson - Django_Logger.make_book - 06:23:28:03s PM
INFO : Book: Twenty Poems That Could Save America and Other Essays	Written By: Hoagland - Django_Logger.make_book - 06:23:28:03s PM
INFO : Book: Atlas of Human Anatomy: Including Student Consult Interactive Ancillaries and Guides (Netter Basic Science)	Written By: z - Django_Logger.make_book - 06:23:29:03s PM
INFO : Book: A Brief Atlas Of The Human Body	Written By: z - Django_Logger.make_book - 06:23:29:03s PM
INFO : Book: A Brief Atlas Of The Human Body	Written By: z - Django_Logger.make_book - 06:23:29:03s PM
INFO : Book: A Brief Atlas Of The Human Body	Written By: z - Django_Logger.make_book - 06:23:29:03s PM
INFO : Book: A Brief Atlas Of The Human Body	Written By: z - Django_Logger.make_book - 06:23:29:03s PM
INFO : Book: A Brief Atlas Of The Human Body	Written By: z - Django_Logger.make_book - 06:23:29:03s PM
INFO : Book: A Brief Atlas Of The Human Body	Written By: Nicpon - Django_Logger.make_book - 06:23:29:03s PM
